2021-08-06 02:50:08.598 [main] INFO  ir.sharif.aminra.Main - server program started
2021-08-06 02:50:10.343 [main] INFO  ir.sharif.aminra.database.Connector - connected to database
2021-08-06 02:50:29.740 [Thread-0] INFO  ir.sharif.aminra.controller.SocketManager - socket Socket[addr=/127.0.0.1,port=41534,localport=1080] is connected
2021-08-06 02:50:51.964 [Thread-0] INFO  ir.sharif.aminra.controller.SocketManager - socket Socket[addr=/127.0.0.1,port=41552,localport=1080] is connected
2021-08-06 02:51:04.710 [Thread-2] INFO  ir.sharif.aminra.database.Connector - transaction started
2021-08-06 02:51:04.848 [Thread-2] INFO  ir.sharif.aminra.database.Connector - instance saved : User(id=1, firstname=asad, lastname=asaad, username=a, bio=pv = block, birthDate=null, email=a@gmail.com, phoneNumber=912, password=a, publicData=true, isActive=true, lastSeen=null, lastSeenType= Followings, followings=[2, 3], followers=[2], blockList=[], tweets=[1, 2, 3, 4, 5, 6, 7], requestNotifications=[user b accepted your follow request!], likedTweets=[8], requests=[], notifications=[user b unfollowed you!, user b followed you!, user b unfollowed you!], isPrivate=false, groups=[1], mutedUsers=[], avatar=8, reportedSpamTweets=[3], chatStates=[1, 3, 4, 5, 8, 11])
2021-08-06 02:51:06.347 [Thread-2] INFO  ir.sharif.aminra.database.Connector - transaction committed
2021-08-06 02:51:06.348 [Thread-2] INFO  ir.sharif.aminra.controller.enterPage.SignUpController - user a signed in.
2021-08-06 02:51:10.724 [Thread-3] INFO  ir.sharif.aminra.database.Connector - transaction started
2021-08-06 02:51:10.724 [Thread-3] INFO  ir.sharif.aminra.database.Connector - instance saved : User(id=2, firstname=b, lastname=b, username=b, bio=, birthDate=null, email=b@gmail.com, phoneNumber=913, password=b, publicData=false, isActive=true, lastSeen=null, lastSeenType=Everyone, followings=[1], followers=[1], blockList=[], tweets=[8, 9, 1], requestNotifications=[user a accepted your follow request!, user a rejected your follow request!, user a accepted your follow request!], likedTweets=[], requests=[], notifications=[user a followed you!, user a unfollowed you!, user a followed you!, user a unfollowed you!], isPrivate=true, groups=[3], mutedUsers=[1], avatar=3, reportedSpamTweets=[1], chatStates=[2, 6, 9])
2021-08-06 02:51:11.421 [Thread-3] INFO  ir.sharif.aminra.database.Connector - transaction committed
2021-08-06 02:51:11.421 [Thread-3] INFO  ir.sharif.aminra.controller.enterPage.SignUpController - user b signed in.
2021-08-06 02:51:21.849 [Thread-3] INFO  ir.sharif.aminra.database.Connector - transaction started
2021-08-06 02:51:21.856 [Thread-3] INFO  ir.sharif.aminra.database.Connector - instance saved : ChatState(id=9, chat=7, lastCheck=2021-08-06T02:51:21.849254)
2021-08-06 02:51:22.715 [Thread-3] INFO  ir.sharif.aminra.database.Connector - transaction committed
2021-08-06 02:51:22.716 [Thread-3] INFO  ir.sharif.aminra.database.Connector - transaction started
2021-08-06 02:51:22.717 [Thread-3] INFO  ir.sharif.aminra.database.Connector - instance saved : User(id=2, firstname=b, lastname=b, username=b, bio=, birthDate=null, email=b@gmail.com, phoneNumber=913, password=b, publicData=false, isActive=true, lastSeen=null, lastSeenType=Everyone, followings=[1], followers=[1], blockList=[], tweets=[8, 9, 1], requestNotifications=[user a accepted your follow request!, user a rejected your follow request!, user a accepted your follow request!], likedTweets=[], requests=[], notifications=[user a followed you!, user a unfollowed you!, user a followed you!, user a unfollowed you!], isPrivate=true, groups=[3], mutedUsers=[1], avatar=3, reportedSpamTweets=[1], chatStates=[2, 6, 9])
2021-08-06 02:51:22.720 [Thread-3] INFO  ir.sharif.aminra.database.Connector - transaction committed
2021-08-06 02:51:24.254 [Thread-3] INFO  ir.sharif.aminra.database.Connector - transaction started
2021-08-06 02:51:24.255 [Thread-3] INFO  ir.sharif.aminra.database.Connector - instance saved : ChatState(id=9, chat=7, lastCheck=2021-08-06T02:51:24.254748)
2021-08-06 02:51:24.819 [Thread-3] INFO  ir.sharif.aminra.database.Connector - transaction committed
2021-08-06 02:51:24.820 [Thread-3] INFO  ir.sharif.aminra.database.Connector - transaction started
2021-08-06 02:51:24.822 [Thread-3] INFO  ir.sharif.aminra.database.Connector - instance saved : User(id=2, firstname=b, lastname=b, username=b, bio=, birthDate=null, email=b@gmail.com, phoneNumber=913, password=b, publicData=false, isActive=true, lastSeen=null, lastSeenType=Everyone, followings=[1], followers=[1], blockList=[], tweets=[8, 9, 1], requestNotifications=[user a accepted your follow request!, user a rejected your follow request!, user a accepted your follow request!], likedTweets=[], requests=[], notifications=[user a followed you!, user a unfollowed you!, user a followed you!, user a unfollowed you!], isPrivate=true, groups=[3], mutedUsers=[1], avatar=3, reportedSpamTweets=[1], chatStates=[2, 6, 9])
2021-08-06 02:51:24.825 [Thread-3] INFO  ir.sharif.aminra.database.Connector - transaction committed
2021-08-06 02:51:26.068 [Thread-3] INFO  ir.sharif.aminra.database.Connector - transaction started
2021-08-06 02:51:26.069 [Thread-3] INFO  ir.sharif.aminra.database.Connector - instance saved : ChatState(id=9, chat=7, lastCheck=2021-08-06T02:51:26.068001)
2021-08-06 02:51:27.406 [Thread-3] INFO  ir.sharif.aminra.database.Connector - transaction committed
2021-08-06 02:51:27.406 [Thread-3] INFO  ir.sharif.aminra.database.Connector - transaction started
2021-08-06 02:51:27.407 [Thread-3] INFO  ir.sharif.aminra.database.Connector - instance saved : User(id=2, firstname=b, lastname=b, username=b, bio=, birthDate=null, email=b@gmail.com, phoneNumber=913, password=b, publicData=false, isActive=true, lastSeen=null, lastSeenType=Everyone, followings=[1], followers=[1], blockList=[], tweets=[8, 9, 1], requestNotifications=[user a accepted your follow request!, user a rejected your follow request!, user a accepted your follow request!], likedTweets=[], requests=[], notifications=[user a followed you!, user a unfollowed you!, user a followed you!, user a unfollowed you!], isPrivate=true, groups=[3], mutedUsers=[1], avatar=3, reportedSpamTweets=[1], chatStates=[2, 6, 9])
2021-08-06 02:51:27.408 [Thread-3] INFO  ir.sharif.aminra.database.Connector - transaction committed
2021-08-06 02:51:28.119 [Thread-3] INFO  ir.sharif.aminra.database.Connector - transaction started
2021-08-06 02:51:28.120 [Thread-3] INFO  ir.sharif.aminra.database.Connector - instance saved : ChatState(id=9, chat=7, lastCheck=2021-08-06T02:51:28.114298)
2021-08-06 02:51:29.246 [Thread-3] INFO  ir.sharif.aminra.database.Connector - transaction committed
2021-08-06 02:51:29.247 [Thread-3] INFO  ir.sharif.aminra.database.Connector - transaction started
2021-08-06 02:51:29.248 [Thread-3] INFO  ir.sharif.aminra.database.Connector - instance saved : User(id=2, firstname=b, lastname=b, username=b, bio=, birthDate=null, email=b@gmail.com, phoneNumber=913, password=b, publicData=false, isActive=true, lastSeen=null, lastSeenType=Everyone, followings=[1], followers=[1], blockList=[], tweets=[8, 9, 1], requestNotifications=[user a accepted your follow request!, user a rejected your follow request!, user a accepted your follow request!], likedTweets=[], requests=[], notifications=[user a followed you!, user a unfollowed you!, user a followed you!, user a unfollowed you!], isPrivate=true, groups=[3], mutedUsers=[1], avatar=3, reportedSpamTweets=[1], chatStates=[2, 6, 9])
2021-08-06 02:51:29.251 [Thread-3] INFO  ir.sharif.aminra.database.Connector - transaction committed
2021-08-06 02:51:30.230 [Thread-3] INFO  ir.sharif.aminra.database.Connector - transaction started
2021-08-06 02:51:30.231 [Thread-3] INFO  ir.sharif.aminra.database.Connector - instance saved : ChatState(id=9, chat=7, lastCheck=2021-08-06T02:51:30.230548)
2021-08-06 02:51:30.645 [Thread-3] INFO  ir.sharif.aminra.database.Connector - transaction committed
2021-08-06 02:51:30.646 [Thread-3] INFO  ir.sharif.aminra.database.Connector - transaction started
2021-08-06 02:51:30.648 [Thread-3] INFO  ir.sharif.aminra.database.Connector - instance saved : User(id=2, firstname=b, lastname=b, username=b, bio=, birthDate=null, email=b@gmail.com, phoneNumber=913, password=b, publicData=false, isActive=true, lastSeen=null, lastSeenType=Everyone, followings=[1], followers=[1], blockList=[], tweets=[8, 9, 1], requestNotifications=[user a accepted your follow request!, user a rejected your follow request!, user a accepted your follow request!], likedTweets=[], requests=[], notifications=[user a followed you!, user a unfollowed you!, user a followed you!, user a unfollowed you!], isPrivate=true, groups=[3], mutedUsers=[1], avatar=3, reportedSpamTweets=[1], chatStates=[2, 6, 9])
2021-08-06 02:51:30.651 [Thread-3] INFO  ir.sharif.aminra.database.Connector - transaction committed
2021-08-06 02:51:32.250 [Thread-3] INFO  ir.sharif.aminra.database.Connector - transaction started
2021-08-06 02:51:32.254 [Thread-3] INFO  ir.sharif.aminra.database.Connector - instance saved : ChatState(id=9, chat=7, lastCheck=2021-08-06T02:51:32.250691)
2021-08-06 02:51:32.385 [Thread-3] INFO  ir.sharif.aminra.database.Connector - transaction committed
2021-08-06 02:51:32.385 [Thread-3] INFO  ir.sharif.aminra.database.Connector - transaction started
2021-08-06 02:51:32.386 [Thread-3] INFO  ir.sharif.aminra.database.Connector - instance saved : User(id=2, firstname=b, lastname=b, username=b, bio=, birthDate=null, email=b@gmail.com, phoneNumber=913, password=b, publicData=false, isActive=true, lastSeen=null, lastSeenType=Everyone, followings=[1], followers=[1], blockList=[], tweets=[8, 9, 1], requestNotifications=[user a accepted your follow request!, user a rejected your follow request!, user a accepted your follow request!], likedTweets=[], requests=[], notifications=[user a followed you!, user a unfollowed you!, user a followed you!, user a unfollowed you!], isPrivate=true, groups=[3], mutedUsers=[1], avatar=3, reportedSpamTweets=[1], chatStates=[2, 6, 9])
2021-08-06 02:51:32.387 [Thread-3] INFO  ir.sharif.aminra.database.Connector - transaction committed
2021-08-06 02:51:32.401 [Thread-2] INFO  ir.sharif.aminra.database.Connector - transaction started
2021-08-06 02:51:32.401 [Thread-2] INFO  ir.sharif.aminra.database.Connector - instance saved : ChatState(id=1, chat=1, lastCheck=2021-08-06T02:51:32.400949)
2021-08-06 02:51:32.951 [Thread-2] INFO  ir.sharif.aminra.database.Connector - transaction committed
2021-08-06 02:51:32.958 [Thread-2] INFO  ir.sharif.aminra.database.Connector - transaction started
2021-08-06 02:51:32.959 [Thread-2] INFO  ir.sharif.aminra.database.Connector - instance saved : User(id=1, firstname=asad, lastname=asaad, username=a, bio=pv = block, birthDate=null, email=a@gmail.com, phoneNumber=912, password=a, publicData=true, isActive=true, lastSeen=null, lastSeenType= Followings, followings=[2, 3], followers=[2], blockList=[], tweets=[1, 2, 3, 4, 5, 6, 7], requestNotifications=[user b accepted your follow request!], likedTweets=[8], requests=[], notifications=[user b unfollowed you!, user b followed you!, user b unfollowed you!], isPrivate=false, groups=[1], mutedUsers=[], avatar=8, reportedSpamTweets=[3], chatStates=[1, 3, 4, 5, 8, 11])
2021-08-06 02:51:32.960 [Thread-2] INFO  ir.sharif.aminra.database.Connector - transaction committed
2021-08-06 02:51:34.056 [Thread-2] INFO  ir.sharif.aminra.database.Connector - transaction started
2021-08-06 02:51:34.056 [Thread-2] INFO  ir.sharif.aminra.database.Connector - instance saved : ChatState(id=1, chat=1, lastCheck=2021-08-06T02:51:34.056089)
2021-08-06 02:51:34.479 [Thread-2] INFO  ir.sharif.aminra.database.Connector - transaction committed
2021-08-06 02:51:34.490 [Thread-2] INFO  ir.sharif.aminra.database.Connector - transaction started
2021-08-06 02:51:34.491 [Thread-2] INFO  ir.sharif.aminra.database.Connector - instance saved : User(id=1, firstname=asad, lastname=asaad, username=a, bio=pv = block, birthDate=null, email=a@gmail.com, phoneNumber=912, password=a, publicData=true, isActive=true, lastSeen=null, lastSeenType= Followings, followings=[2, 3], followers=[2], blockList=[], tweets=[1, 2, 3, 4, 5, 6, 7], requestNotifications=[user b accepted your follow request!], likedTweets=[8], requests=[], notifications=[user b unfollowed you!, user b followed you!, user b unfollowed you!], isPrivate=false, groups=[1], mutedUsers=[], avatar=8, reportedSpamTweets=[3], chatStates=[1, 3, 4, 5, 8, 11])
2021-08-06 02:51:34.496 [Thread-2] INFO  ir.sharif.aminra.database.Connector - transaction committed
2021-08-06 02:51:34.496 [Thread-3] INFO  ir.sharif.aminra.database.Connector - transaction started
2021-08-06 02:51:34.496 [Thread-3] INFO  ir.sharif.aminra.database.Connector - instance saved : ChatState(id=9, chat=7, lastCheck=2021-08-06T02:51:34.489047)
2021-08-06 02:51:34.614 [Thread-3] INFO  ir.sharif.aminra.database.Connector - transaction committed
2021-08-06 02:51:34.614 [Thread-3] INFO  ir.sharif.aminra.database.Connector - transaction started
2021-08-06 02:51:34.615 [Thread-3] INFO  ir.sharif.aminra.database.Connector - instance saved : User(id=2, firstname=b, lastname=b, username=b, bio=, birthDate=null, email=b@gmail.com, phoneNumber=913, password=b, publicData=false, isActive=true, lastSeen=null, lastSeenType=Everyone, followings=[1], followers=[1], blockList=[], tweets=[8, 9, 1], requestNotifications=[user a accepted your follow request!, user a rejected your follow request!, user a accepted your follow request!], likedTweets=[], requests=[], notifications=[user a followed you!, user a unfollowed you!, user a followed you!, user a unfollowed you!], isPrivate=true, groups=[3], mutedUsers=[1], avatar=3, reportedSpamTweets=[1], chatStates=[2, 6, 9])
2021-08-06 02:51:34.615 [Thread-3] INFO  ir.sharif.aminra.database.Connector - transaction committed
2021-08-06 02:51:36.045 [Thread-3] INFO  ir.sharif.aminra.database.Connector - transaction started
2021-08-06 02:51:36.045 [Thread-3] INFO  ir.sharif.aminra.database.Connector - instance saved : ChatState(id=9, chat=7, lastCheck=2021-08-06T02:51:36.044963)
2021-08-06 02:51:37.094 [Thread-3] INFO  ir.sharif.aminra.database.Connector - transaction committed
2021-08-06 02:51:37.095 [Thread-3] INFO  ir.sharif.aminra.database.Connector - transaction started
2021-08-06 02:51:37.096 [Thread-3] INFO  ir.sharif.aminra.database.Connector - instance saved : User(id=2, firstname=b, lastname=b, username=b, bio=, birthDate=null, email=b@gmail.com, phoneNumber=913, password=b, publicData=false, isActive=true, lastSeen=null, lastSeenType=Everyone, followings=[1], followers=[1], blockList=[], tweets=[8, 9, 1], requestNotifications=[user a accepted your follow request!, user a rejected your follow request!, user a accepted your follow request!], likedTweets=[], requests=[], notifications=[user a followed you!, user a unfollowed you!, user a followed you!, user a unfollowed you!], isPrivate=true, groups=[3], mutedUsers=[1], avatar=3, reportedSpamTweets=[1], chatStates=[2, 6, 9])
2021-08-06 02:51:37.099 [Thread-3] INFO  ir.sharif.aminra.database.Connector - transaction committed
2021-08-06 02:51:37.156 [Thread-2] INFO  ir.sharif.aminra.database.Connector - transaction started
2021-08-06 02:51:37.156 [Thread-2] INFO  ir.sharif.aminra.database.Connector - instance saved : ChatState(id=1, chat=1, lastCheck=2021-08-06T02:51:37.155294)
2021-08-06 02:51:37.271 [Thread-2] INFO  ir.sharif.aminra.database.Connector - transaction committed
2021-08-06 02:51:37.274 [Thread-2] INFO  ir.sharif.aminra.database.Connector - transaction started
2021-08-06 02:51:37.275 [Thread-2] INFO  ir.sharif.aminra.database.Connector - instance saved : User(id=1, firstname=asad, lastname=asaad, username=a, bio=pv = block, birthDate=null, email=a@gmail.com, phoneNumber=912, password=a, publicData=true, isActive=true, lastSeen=null, lastSeenType= Followings, followings=[2, 3], followers=[2], blockList=[], tweets=[1, 2, 3, 4, 5, 6, 7], requestNotifications=[user b accepted your follow request!], likedTweets=[8], requests=[], notifications=[user b unfollowed you!, user b followed you!, user b unfollowed you!], isPrivate=false, groups=[1], mutedUsers=[], avatar=8, reportedSpamTweets=[3], chatStates=[1, 3, 4, 5, 8, 11])
2021-08-06 02:51:37.278 [Thread-2] INFO  ir.sharif.aminra.database.Connector - transaction committed
2021-08-06 02:51:38.255 [Thread-3] INFO  ir.sharif.aminra.database.Connector - transaction started
2021-08-06 02:51:38.256 [Thread-3] INFO  ir.sharif.aminra.database.Connector - instance saved : ChatState(id=9, chat=7, lastCheck=2021-08-06T02:51:38.255513)
2021-08-06 02:51:39.794 [Thread-3] INFO  ir.sharif.aminra.database.Connector - transaction committed
2021-08-06 02:51:39.794 [Thread-3] INFO  ir.sharif.aminra.database.Connector - transaction started
2021-08-06 02:51:39.794 [Thread-3] INFO  ir.sharif.aminra.database.Connector - instance saved : User(id=2, firstname=b, lastname=b, username=b, bio=, birthDate=null, email=b@gmail.com, phoneNumber=913, password=b, publicData=false, isActive=true, lastSeen=null, lastSeenType=Everyone, followings=[1], followers=[1], blockList=[], tweets=[8, 9, 1], requestNotifications=[user a accepted your follow request!, user a rejected your follow request!, user a accepted your follow request!], likedTweets=[], requests=[], notifications=[user a followed you!, user a unfollowed you!, user a followed you!, user a unfollowed you!], isPrivate=true, groups=[3], mutedUsers=[1], avatar=3, reportedSpamTweets=[1], chatStates=[2, 6, 9])
2021-08-06 02:51:39.796 [Thread-3] INFO  ir.sharif.aminra.database.Connector - transaction committed
2021-08-06 02:51:40.231 [Thread-3] INFO  ir.sharif.aminra.database.Connector - transaction started
2021-08-06 02:51:40.232 [Thread-3] INFO  ir.sharif.aminra.database.Connector - instance saved : ChatState(id=9, chat=7, lastCheck=2021-08-06T02:51:40.231480)
2021-08-06 02:51:40.347 [Thread-3] INFO  ir.sharif.aminra.database.Connector - transaction committed
2021-08-06 02:51:40.347 [Thread-3] INFO  ir.sharif.aminra.database.Connector - transaction started
2021-08-06 02:51:40.348 [Thread-3] INFO  ir.sharif.aminra.database.Connector - instance saved : User(id=2, firstname=b, lastname=b, username=b, bio=, birthDate=null, email=b@gmail.com, phoneNumber=913, password=b, publicData=false, isActive=true, lastSeen=null, lastSeenType=Everyone, followings=[1], followers=[1], blockList=[], tweets=[8, 9, 1], requestNotifications=[user a accepted your follow request!, user a rejected your follow request!, user a accepted your follow request!], likedTweets=[], requests=[], notifications=[user a followed you!, user a unfollowed you!, user a followed you!, user a unfollowed you!], isPrivate=true, groups=[3], mutedUsers=[1], avatar=3, reportedSpamTweets=[1], chatStates=[2, 6, 9])
2021-08-06 02:51:40.350 [Thread-3] INFO  ir.sharif.aminra.database.Connector - transaction committed
2021-08-06 02:51:42.048 [Thread-3] INFO  ir.sharif.aminra.database.Connector - transaction started
2021-08-06 02:51:42.050 [Thread-3] INFO  ir.sharif.aminra.database.Connector - instance saved : ChatState(id=9, chat=7, lastCheck=2021-08-06T02:51:42.048159)
2021-08-06 02:51:42.450 [Thread-3] INFO  ir.sharif.aminra.database.Connector - transaction committed
2021-08-06 02:51:42.450 [Thread-3] INFO  ir.sharif.aminra.database.Connector - transaction started
2021-08-06 02:51:42.451 [Thread-3] INFO  ir.sharif.aminra.database.Connector - instance saved : User(id=2, firstname=b, lastname=b, username=b, bio=, birthDate=null, email=b@gmail.com, phoneNumber=913, password=b, publicData=false, isActive=true, lastSeen=null, lastSeenType=Everyone, followings=[1], followers=[1], blockList=[], tweets=[8, 9, 1], requestNotifications=[user a accepted your follow request!, user a rejected your follow request!, user a accepted your follow request!], likedTweets=[], requests=[], notifications=[user a followed you!, user a unfollowed you!, user a followed you!, user a unfollowed you!], isPrivate=true, groups=[3], mutedUsers=[1], avatar=3, reportedSpamTweets=[1], chatStates=[2, 6, 9])
2021-08-06 02:51:42.452 [Thread-3] INFO  ir.sharif.aminra.database.Connector - transaction committed
2021-08-06 02:51:42.617 [Thread-2] INFO  ir.sharif.aminra.controller.messagingPage.MessageViewerController - user wants to edit message 11 which is forwarded
2021-08-06 02:51:44.248 [Thread-3] INFO  ir.sharif.aminra.database.Connector - transaction started
2021-08-06 02:51:44.248 [Thread-3] INFO  ir.sharif.aminra.database.Connector - instance saved : ChatState(id=9, chat=7, lastCheck=2021-08-06T02:51:44.247871)
2021-08-06 02:51:44.796 [Thread-3] INFO  ir.sharif.aminra.database.Connector - transaction committed
2021-08-06 02:51:44.797 [Thread-3] INFO  ir.sharif.aminra.database.Connector - transaction started
2021-08-06 02:51:44.798 [Thread-3] INFO  ir.sharif.aminra.database.Connector - instance saved : User(id=2, firstname=b, lastname=b, username=b, bio=, birthDate=null, email=b@gmail.com, phoneNumber=913, password=b, publicData=false, isActive=true, lastSeen=null, lastSeenType=Everyone, followings=[1], followers=[1], blockList=[], tweets=[8, 9, 1], requestNotifications=[user a accepted your follow request!, user a rejected your follow request!, user a accepted your follow request!], likedTweets=[], requests=[], notifications=[user a followed you!, user a unfollowed you!, user a followed you!, user a unfollowed you!], isPrivate=true, groups=[3], mutedUsers=[1], avatar=3, reportedSpamTweets=[1], chatStates=[2, 6, 9])
2021-08-06 02:51:44.801 [Thread-3] INFO  ir.sharif.aminra.database.Connector - transaction committed
2021-08-06 02:51:46.038 [Thread-3] INFO  ir.sharif.aminra.database.Connector - transaction started
2021-08-06 02:51:46.039 [Thread-3] INFO  ir.sharif.aminra.database.Connector - instance saved : ChatState(id=9, chat=7, lastCheck=2021-08-06T02:51:46.038574)
2021-08-06 02:51:46.591 [Thread-3] INFO  ir.sharif.aminra.database.Connector - transaction committed
2021-08-06 02:51:46.591 [Thread-3] INFO  ir.sharif.aminra.database.Connector - transaction started
2021-08-06 02:51:46.592 [Thread-3] INFO  ir.sharif.aminra.database.Connector - instance saved : User(id=2, firstname=b, lastname=b, username=b, bio=, birthDate=null, email=b@gmail.com, phoneNumber=913, password=b, publicData=false, isActive=true, lastSeen=null, lastSeenType=Everyone, followings=[1], followers=[1], blockList=[], tweets=[8, 9, 1], requestNotifications=[user a accepted your follow request!, user a rejected your follow request!, user a accepted your follow request!], likedTweets=[], requests=[], notifications=[user a followed you!, user a unfollowed you!, user a followed you!, user a unfollowed you!], isPrivate=true, groups=[3], mutedUsers=[1], avatar=3, reportedSpamTweets=[1], chatStates=[2, 6, 9])
2021-08-06 02:51:46.592 [Thread-3] INFO  ir.sharif.aminra.database.Connector - transaction committed
2021-08-06 02:51:48.241 [Thread-3] INFO  ir.sharif.aminra.database.Connector - transaction started
2021-08-06 02:51:48.242 [Thread-3] INFO  ir.sharif.aminra.database.Connector - instance saved : ChatState(id=9, chat=7, lastCheck=2021-08-06T02:51:48.241565)
2021-08-06 02:51:48.365 [Thread-3] INFO  ir.sharif.aminra.database.Connector - transaction committed
2021-08-06 02:51:48.365 [Thread-3] INFO  ir.sharif.aminra.database.Connector - transaction started
2021-08-06 02:51:48.366 [Thread-3] INFO  ir.sharif.aminra.database.Connector - instance saved : User(id=2, firstname=b, lastname=b, username=b, bio=, birthDate=null, email=b@gmail.com, phoneNumber=913, password=b, publicData=false, isActive=true, lastSeen=null, lastSeenType=Everyone, followings=[1], followers=[1], blockList=[], tweets=[8, 9, 1], requestNotifications=[user a accepted your follow request!, user a rejected your follow request!, user a accepted your follow request!], likedTweets=[], requests=[], notifications=[user a followed you!, user a unfollowed you!, user a followed you!, user a unfollowed you!], isPrivate=true, groups=[3], mutedUsers=[1], avatar=3, reportedSpamTweets=[1], chatStates=[2, 6, 9])
2021-08-06 02:51:48.370 [Thread-3] INFO  ir.sharif.aminra.database.Connector - transaction committed
2021-08-06 02:51:50.240 [Thread-3] INFO  ir.sharif.aminra.database.Connector - transaction started
2021-08-06 02:51:50.241 [Thread-3] INFO  ir.sharif.aminra.database.Connector - instance saved : ChatState(id=9, chat=7, lastCheck=2021-08-06T02:51:50.240349)
2021-08-06 02:51:50.457 [Thread-3] INFO  ir.sharif.aminra.database.Connector - transaction committed
2021-08-06 02:51:50.457 [Thread-3] INFO  ir.sharif.aminra.database.Connector - transaction started
2021-08-06 02:51:50.457 [Thread-3] INFO  ir.sharif.aminra.database.Connector - instance saved : User(id=2, firstname=b, lastname=b, username=b, bio=, birthDate=null, email=b@gmail.com, phoneNumber=913, password=b, publicData=false, isActive=true, lastSeen=null, lastSeenType=Everyone, followings=[1], followers=[1], blockList=[], tweets=[8, 9, 1], requestNotifications=[user a accepted your follow request!, user a rejected your follow request!, user a accepted your follow request!], likedTweets=[], requests=[], notifications=[user a followed you!, user a unfollowed you!, user a followed you!, user a unfollowed you!], isPrivate=true, groups=[3], mutedUsers=[1], avatar=3, reportedSpamTweets=[1], chatStates=[2, 6, 9])
2021-08-06 02:51:50.458 [Thread-3] INFO  ir.sharif.aminra.database.Connector - transaction committed
2021-08-06 02:51:52.244 [Thread-3] INFO  ir.sharif.aminra.database.Connector - transaction started
2021-08-06 02:51:52.244 [Thread-3] INFO  ir.sharif.aminra.database.Connector - instance saved : ChatState(id=9, chat=7, lastCheck=2021-08-06T02:51:52.243956)
2021-08-06 02:51:53.895 [Thread-3] INFO  ir.sharif.aminra.database.Connector - transaction committed
2021-08-06 02:51:53.895 [Thread-3] INFO  ir.sharif.aminra.database.Connector - transaction started
2021-08-06 02:51:53.896 [Thread-3] INFO  ir.sharif.aminra.database.Connector - instance saved : User(id=2, firstname=b, lastname=b, username=b, bio=, birthDate=null, email=b@gmail.com, phoneNumber=913, password=b, publicData=false, isActive=true, lastSeen=null, lastSeenType=Everyone, followings=[1], followers=[1], blockList=[], tweets=[8, 9, 1], requestNotifications=[user a accepted your follow request!, user a rejected your follow request!, user a accepted your follow request!], likedTweets=[], requests=[], notifications=[user a followed you!, user a unfollowed you!, user a followed you!, user a unfollowed you!], isPrivate=true, groups=[3], mutedUsers=[1], avatar=3, reportedSpamTweets=[1], chatStates=[2, 6, 9])
2021-08-06 02:51:53.896 [Thread-3] INFO  ir.sharif.aminra.database.Connector - transaction committed
2021-08-06 02:51:54.032 [Thread-3] INFO  ir.sharif.aminra.database.Connector - transaction started
2021-08-06 02:51:54.037 [Thread-3] INFO  ir.sharif.aminra.database.Connector - instance saved : ChatState(id=9, chat=7, lastCheck=2021-08-06T02:51:54.031565)
2021-08-06 02:51:54.445 [Thread-3] INFO  ir.sharif.aminra.database.Connector - transaction committed
2021-08-06 02:51:54.447 [Thread-3] INFO  ir.sharif.aminra.database.Connector - transaction started
2021-08-06 02:51:54.448 [Thread-3] INFO  ir.sharif.aminra.database.Connector - instance saved : User(id=2, firstname=b, lastname=b, username=b, bio=, birthDate=null, email=b@gmail.com, phoneNumber=913, password=b, publicData=false, isActive=true, lastSeen=null, lastSeenType=Everyone, followings=[1], followers=[1], blockList=[], tweets=[8, 9, 1], requestNotifications=[user a accepted your follow request!, user a rejected your follow request!, user a accepted your follow request!], likedTweets=[], requests=[], notifications=[user a followed you!, user a unfollowed you!, user a followed you!, user a unfollowed you!], isPrivate=true, groups=[3], mutedUsers=[1], avatar=3, reportedSpamTweets=[1], chatStates=[2, 6, 9])
2021-08-06 02:51:54.456 [Thread-3] INFO  ir.sharif.aminra.database.Connector - transaction committed
2021-08-06 02:51:56.225 [Thread-3] INFO  ir.sharif.aminra.database.Connector - transaction started
2021-08-06 02:51:56.226 [Thread-3] INFO  ir.sharif.aminra.database.Connector - instance saved : ChatState(id=9, chat=7, lastCheck=2021-08-06T02:51:56.225622)
2021-08-06 02:51:57.759 [Thread-3] INFO  ir.sharif.aminra.database.Connector - transaction committed
2021-08-06 02:51:57.759 [Thread-3] INFO  ir.sharif.aminra.database.Connector - transaction started
2021-08-06 02:51:57.760 [Thread-3] INFO  ir.sharif.aminra.database.Connector - instance saved : User(id=2, firstname=b, lastname=b, username=b, bio=, birthDate=null, email=b@gmail.com, phoneNumber=913, password=b, publicData=false, isActive=true, lastSeen=null, lastSeenType=Everyone, followings=[1], followers=[1], blockList=[], tweets=[8, 9, 1], requestNotifications=[user a accepted your follow request!, user a rejected your follow request!, user a accepted your follow request!], likedTweets=[], requests=[], notifications=[user a followed you!, user a unfollowed you!, user a followed you!, user a unfollowed you!], isPrivate=true, groups=[3], mutedUsers=[1], avatar=3, reportedSpamTweets=[1], chatStates=[2, 6, 9])
2021-08-06 02:51:57.763 [Thread-3] INFO  ir.sharif.aminra.database.Connector - transaction committed
2021-08-06 02:51:58.038 [Thread-3] INFO  ir.sharif.aminra.database.Connector - transaction started
2021-08-06 02:51:58.039 [Thread-3] INFO  ir.sharif.aminra.database.Connector - instance saved : ChatState(id=9, chat=7, lastCheck=2021-08-06T02:51:58.038611)
2021-08-06 02:51:58.177 [Thread-3] INFO  ir.sharif.aminra.database.Connector - transaction committed
2021-08-06 02:51:58.177 [Thread-3] INFO  ir.sharif.aminra.database.Connector - transaction started
2021-08-06 02:51:58.177 [Thread-3] INFO  ir.sharif.aminra.database.Connector - instance saved : User(id=2, firstname=b, lastname=b, username=b, bio=, birthDate=null, email=b@gmail.com, phoneNumber=913, password=b, publicData=false, isActive=true, lastSeen=null, lastSeenType=Everyone, followings=[1], followers=[1], blockList=[], tweets=[8, 9, 1], requestNotifications=[user a accepted your follow request!, user a rejected your follow request!, user a accepted your follow request!], likedTweets=[], requests=[], notifications=[user a followed you!, user a unfollowed you!, user a followed you!, user a unfollowed you!], isPrivate=true, groups=[3], mutedUsers=[1], avatar=3, reportedSpamTweets=[1], chatStates=[2, 6, 9])
2021-08-06 02:51:58.178 [Thread-3] INFO  ir.sharif.aminra.database.Connector - transaction committed
2021-08-06 02:51:58.266 [Thread-2] INFO  ir.sharif.aminra.database.Connector - transaction started
2021-08-06 02:51:58.267 [Thread-2] INFO  ir.sharif.aminra.database.Connector - instance saved : ChatState(id=8, chat=7, lastCheck=2021-08-06T02:51:58.266709)
2021-08-06 02:52:01.090 [Thread-2] INFO  ir.sharif.aminra.database.Connector - transaction committed
2021-08-06 02:52:01.092 [Thread-2] INFO  ir.sharif.aminra.database.Connector - transaction started
2021-08-06 02:52:01.095 [Thread-2] INFO  ir.sharif.aminra.database.Connector - instance saved : User(id=1, firstname=asad, lastname=asaad, username=a, bio=pv = block, birthDate=null, email=a@gmail.com, phoneNumber=912, password=a, publicData=true, isActive=true, lastSeen=null, lastSeenType= Followings, followings=[2, 3], followers=[2], blockList=[], tweets=[1, 2, 3, 4, 5, 6, 7], requestNotifications=[user b accepted your follow request!], likedTweets=[8], requests=[], notifications=[user b unfollowed you!, user b followed you!, user b unfollowed you!], isPrivate=false, groups=[1], mutedUsers=[], avatar=8, reportedSpamTweets=[3], chatStates=[1, 3, 4, 5, 8, 11])
2021-08-06 02:52:01.097 [Thread-2] INFO  ir.sharif.aminra.database.Connector - transaction committed
2021-08-06 02:52:01.170 [Thread-3] INFO  ir.sharif.aminra.database.Connector - transaction started
2021-08-06 02:52:01.171 [Thread-3] INFO  ir.sharif.aminra.database.Connector - instance saved : ChatState(id=9, chat=7, lastCheck=2021-08-06T02:52:01.170546)
2021-08-06 02:52:01.616 [Thread-3] INFO  ir.sharif.aminra.database.Connector - transaction committed
2021-08-06 02:52:01.617 [Thread-3] INFO  ir.sharif.aminra.database.Connector - transaction started
2021-08-06 02:52:01.617 [Thread-3] INFO  ir.sharif.aminra.database.Connector - instance saved : User(id=2, firstname=b, lastname=b, username=b, bio=, birthDate=null, email=b@gmail.com, phoneNumber=913, password=b, publicData=false, isActive=true, lastSeen=null, lastSeenType=Everyone, followings=[1], followers=[1], blockList=[], tweets=[8, 9, 1], requestNotifications=[user a accepted your follow request!, user a rejected your follow request!, user a accepted your follow request!], likedTweets=[], requests=[], notifications=[user a followed you!, user a unfollowed you!, user a followed you!, user a unfollowed you!], isPrivate=true, groups=[3], mutedUsers=[1], avatar=3, reportedSpamTweets=[1], chatStates=[2, 6, 9])
2021-08-06 02:52:01.619 [Thread-3] INFO  ir.sharif.aminra.database.Connector - transaction committed
2021-08-06 02:52:01.681 [Thread-2] INFO  ir.sharif.aminra.database.Connector - transaction started
2021-08-06 02:52:01.682 [Thread-2] INFO  ir.sharif.aminra.database.Connector - instance saved : ChatState(id=8, chat=7, lastCheck=2021-08-06T02:52:01.681711)
2021-08-06 02:52:01.830 [Thread-2] INFO  ir.sharif.aminra.database.Connector - transaction committed
2021-08-06 02:52:01.830 [Thread-2] INFO  ir.sharif.aminra.database.Connector - transaction started
2021-08-06 02:52:01.831 [Thread-2] INFO  ir.sharif.aminra.database.Connector - instance saved : User(id=1, firstname=asad, lastname=asaad, username=a, bio=pv = block, birthDate=null, email=a@gmail.com, phoneNumber=912, password=a, publicData=true, isActive=true, lastSeen=null, lastSeenType= Followings, followings=[2, 3], followers=[2], blockList=[], tweets=[1, 2, 3, 4, 5, 6, 7], requestNotifications=[user b accepted your follow request!], likedTweets=[8], requests=[], notifications=[user b unfollowed you!, user b followed you!, user b unfollowed you!], isPrivate=false, groups=[1], mutedUsers=[], avatar=8, reportedSpamTweets=[3], chatStates=[1, 3, 4, 5, 8, 11])
2021-08-06 02:52:01.831 [Thread-2] INFO  ir.sharif.aminra.database.Connector - transaction committed
2021-08-06 02:52:01.884 [Thread-2] INFO  ir.sharif.aminra.database.Connector - transaction started
2021-08-06 02:52:01.885 [Thread-2] INFO  ir.sharif.aminra.database.Connector - instance saved : ChatState(id=8, chat=7, lastCheck=2021-08-06T02:52:01.884626)
2021-08-06 02:52:02.033 [Thread-2] INFO  ir.sharif.aminra.database.Connector - transaction committed
2021-08-06 02:52:02.034 [Thread-2] INFO  ir.sharif.aminra.database.Connector - transaction started
2021-08-06 02:52:02.035 [Thread-2] INFO  ir.sharif.aminra.database.Connector - instance saved : User(id=1, firstname=asad, lastname=asaad, username=a, bio=pv = block, birthDate=null, email=a@gmail.com, phoneNumber=912, password=a, publicData=true, isActive=true, lastSeen=null, lastSeenType= Followings, followings=[2, 3], followers=[2], blockList=[], tweets=[1, 2, 3, 4, 5, 6, 7], requestNotifications=[user b accepted your follow request!], likedTweets=[8], requests=[], notifications=[user b unfollowed you!, user b followed you!, user b unfollowed you!], isPrivate=false, groups=[1], mutedUsers=[], avatar=8, reportedSpamTweets=[3], chatStates=[1, 3, 4, 5, 8, 11])
2021-08-06 02:52:02.038 [Thread-2] INFO  ir.sharif.aminra.database.Connector - transaction committed
2021-08-06 02:52:02.078 [Thread-3] INFO  ir.sharif.aminra.database.Connector - transaction started
2021-08-06 02:52:02.079 [Thread-3] INFO  ir.sharif.aminra.database.Connector - instance saved : ChatState(id=9, chat=7, lastCheck=2021-08-06T02:52:02.078092)
2021-08-06 02:52:02.467 [Thread-3] INFO  ir.sharif.aminra.database.Connector - transaction committed
2021-08-06 02:52:02.467 [Thread-3] INFO  ir.sharif.aminra.database.Connector - transaction started
2021-08-06 02:52:02.467 [Thread-3] INFO  ir.sharif.aminra.database.Connector - instance saved : User(id=2, firstname=b, lastname=b, username=b, bio=, birthDate=null, email=b@gmail.com, phoneNumber=913, password=b, publicData=false, isActive=true, lastSeen=null, lastSeenType=Everyone, followings=[1], followers=[1], blockList=[], tweets=[8, 9, 1], requestNotifications=[user a accepted your follow request!, user a rejected your follow request!, user a accepted your follow request!], likedTweets=[], requests=[], notifications=[user a followed you!, user a unfollowed you!, user a followed you!, user a unfollowed you!], isPrivate=true, groups=[3], mutedUsers=[1], avatar=3, reportedSpamTweets=[1], chatStates=[2, 6, 9])
2021-08-06 02:52:02.468 [Thread-3] INFO  ir.sharif.aminra.database.Connector - transaction committed
2021-08-06 02:52:04.044 [Thread-2] INFO  ir.sharif.aminra.database.Connector - transaction started
2021-08-06 02:52:04.045 [Thread-2] INFO  ir.sharif.aminra.database.Connector - instance saved : ChatState(id=8, chat=7, lastCheck=2021-08-06T02:52:04.044888)
2021-08-06 02:52:06.452 [Thread-2] INFO  ir.sharif.aminra.database.Connector - transaction committed
2021-08-06 02:52:06.452 [Thread-2] INFO  ir.sharif.aminra.database.Connector - transaction started
2021-08-06 02:52:06.453 [Thread-2] INFO  ir.sharif.aminra.database.Connector - instance saved : User(id=1, firstname=asad, lastname=asaad, username=a, bio=pv = block, birthDate=null, email=a@gmail.com, phoneNumber=912, password=a, publicData=true, isActive=true, lastSeen=null, lastSeenType= Followings, followings=[2, 3], followers=[2], blockList=[], tweets=[1, 2, 3, 4, 5, 6, 7], requestNotifications=[user b accepted your follow request!], likedTweets=[8], requests=[], notifications=[user b unfollowed you!, user b followed you!, user b unfollowed you!], isPrivate=false, groups=[1], mutedUsers=[], avatar=8, reportedSpamTweets=[3], chatStates=[1, 3, 4, 5, 8, 11])
2021-08-06 02:52:06.453 [Thread-2] INFO  ir.sharif.aminra.database.Connector - transaction committed
2021-08-06 02:52:06.465 [Thread-3] INFO  ir.sharif.aminra.database.Connector - transaction started
2021-08-06 02:52:06.465 [Thread-3] INFO  ir.sharif.aminra.database.Connector - instance saved : ChatState(id=9, chat=7, lastCheck=2021-08-06T02:52:06.465343)
2021-08-06 02:52:06.807 [Thread-3] INFO  ir.sharif.aminra.database.Connector - transaction committed
2021-08-06 02:52:06.807 [Thread-3] INFO  ir.sharif.aminra.database.Connector - transaction started
2021-08-06 02:52:06.808 [Thread-3] INFO  ir.sharif.aminra.database.Connector - instance saved : User(id=2, firstname=b, lastname=b, username=b, bio=, birthDate=null, email=b@gmail.com, phoneNumber=913, password=b, publicData=false, isActive=true, lastSeen=null, lastSeenType=Everyone, followings=[1], followers=[1], blockList=[], tweets=[8, 9, 1], requestNotifications=[user a accepted your follow request!, user a rejected your follow request!, user a accepted your follow request!], likedTweets=[], requests=[], notifications=[user a followed you!, user a unfollowed you!, user a followed you!, user a unfollowed you!], isPrivate=true, groups=[3], mutedUsers=[1], avatar=3, reportedSpamTweets=[1], chatStates=[2, 6, 9])
2021-08-06 02:52:06.810 [Thread-3] INFO  ir.sharif.aminra.database.Connector - transaction committed
2021-08-06 02:52:06.868 [Thread-3] INFO  ir.sharif.aminra.database.Connector - transaction started
2021-08-06 02:52:06.869 [Thread-3] INFO  ir.sharif.aminra.database.Connector - instance saved : ChatState(id=9, chat=7, lastCheck=2021-08-06T02:52:06.868551)
2021-08-06 02:52:06.985 [Thread-3] INFO  ir.sharif.aminra.database.Connector - transaction committed
2021-08-06 02:52:06.985 [Thread-3] INFO  ir.sharif.aminra.database.Connector - transaction started
2021-08-06 02:52:06.986 [Thread-3] INFO  ir.sharif.aminra.database.Connector - instance saved : User(id=2, firstname=b, lastname=b, username=b, bio=, birthDate=null, email=b@gmail.com, phoneNumber=913, password=b, publicData=false, isActive=true, lastSeen=null, lastSeenType=Everyone, followings=[1], followers=[1], blockList=[], tweets=[8, 9, 1], requestNotifications=[user a accepted your follow request!, user a rejected your follow request!, user a accepted your follow request!], likedTweets=[], requests=[], notifications=[user a followed you!, user a unfollowed you!, user a followed you!, user a unfollowed you!], isPrivate=true, groups=[3], mutedUsers=[1], avatar=3, reportedSpamTweets=[1], chatStates=[2, 6, 9])
2021-08-06 02:52:06.987 [Thread-3] INFO  ir.sharif.aminra.database.Connector - transaction committed
2021-08-06 02:52:07.005 [Thread-2] INFO  ir.sharif.aminra.database.Connector - transaction started
2021-08-06 02:52:07.005 [Thread-2] INFO  ir.sharif.aminra.database.Connector - instance saved : ChatState(id=8, chat=7, lastCheck=2021-08-06T02:52:07.005177)
2021-08-06 02:52:07.131 [Thread-2] INFO  ir.sharif.aminra.database.Connector - transaction committed
2021-08-06 02:52:07.131 [Thread-2] INFO  ir.sharif.aminra.database.Connector - transaction started
2021-08-06 02:52:07.132 [Thread-2] INFO  ir.sharif.aminra.database.Connector - instance saved : User(id=1, firstname=asad, lastname=asaad, username=a, bio=pv = block, birthDate=null, email=a@gmail.com, phoneNumber=912, password=a, publicData=true, isActive=true, lastSeen=null, lastSeenType= Followings, followings=[2, 3], followers=[2], blockList=[], tweets=[1, 2, 3, 4, 5, 6, 7], requestNotifications=[user b accepted your follow request!], likedTweets=[8], requests=[], notifications=[user b unfollowed you!, user b followed you!, user b unfollowed you!], isPrivate=false, groups=[1], mutedUsers=[], avatar=8, reportedSpamTweets=[3], chatStates=[1, 3, 4, 5, 8, 11])
2021-08-06 02:52:07.133 [Thread-2] INFO  ir.sharif.aminra.database.Connector - transaction committed
2021-08-06 02:52:08.055 [Thread-3] INFO  ir.sharif.aminra.database.Connector - transaction started
2021-08-06 02:52:08.056 [Thread-3] INFO  ir.sharif.aminra.database.Connector - instance saved : ChatState(id=9, chat=7, lastCheck=2021-08-06T02:52:08.054398)
2021-08-06 02:52:08.178 [Thread-3] INFO  ir.sharif.aminra.database.Connector - transaction committed
2021-08-06 02:52:08.179 [Thread-3] INFO  ir.sharif.aminra.database.Connector - transaction started
2021-08-06 02:52:08.180 [Thread-3] INFO  ir.sharif.aminra.database.Connector - instance saved : User(id=2, firstname=b, lastname=b, username=b, bio=, birthDate=null, email=b@gmail.com, phoneNumber=913, password=b, publicData=false, isActive=true, lastSeen=null, lastSeenType=Everyone, followings=[1], followers=[1], blockList=[], tweets=[8, 9, 1], requestNotifications=[user a accepted your follow request!, user a rejected your follow request!, user a accepted your follow request!], likedTweets=[], requests=[], notifications=[user a followed you!, user a unfollowed you!, user a followed you!, user a unfollowed you!], isPrivate=true, groups=[3], mutedUsers=[1], avatar=3, reportedSpamTweets=[1], chatStates=[2, 6, 9])
2021-08-06 02:52:08.182 [Thread-3] INFO  ir.sharif.aminra.database.Connector - transaction committed
2021-08-06 02:52:08.221 [Thread-2] INFO  ir.sharif.aminra.database.Connector - transaction started
2021-08-06 02:52:08.222 [Thread-2] INFO  ir.sharif.aminra.database.Connector - instance saved : ChatState(id=8, chat=7, lastCheck=2021-08-06T02:52:08.221229)
2021-08-06 02:52:08.346 [Thread-2] INFO  ir.sharif.aminra.database.Connector - transaction committed
2021-08-06 02:52:08.347 [Thread-2] INFO  ir.sharif.aminra.database.Connector - transaction started
2021-08-06 02:52:08.348 [Thread-2] INFO  ir.sharif.aminra.database.Connector - instance saved : User(id=1, firstname=asad, lastname=asaad, username=a, bio=pv = block, birthDate=null, email=a@gmail.com, phoneNumber=912, password=a, publicData=true, isActive=true, lastSeen=null, lastSeenType= Followings, followings=[2, 3], followers=[2], blockList=[], tweets=[1, 2, 3, 4, 5, 6, 7], requestNotifications=[user b accepted your follow request!], likedTweets=[8], requests=[], notifications=[user b unfollowed you!, user b followed you!, user b unfollowed you!], isPrivate=false, groups=[1], mutedUsers=[], avatar=8, reportedSpamTweets=[3], chatStates=[1, 3, 4, 5, 8, 11])
2021-08-06 02:52:08.350 [Thread-2] INFO  ir.sharif.aminra.database.Connector - transaction committed
2021-08-06 02:52:10.060 [Thread-3] INFO  ir.sharif.aminra.database.Connector - transaction started
2021-08-06 02:52:10.061 [Thread-3] INFO  ir.sharif.aminra.database.Connector - instance saved : ChatState(id=9, chat=7, lastCheck=2021-08-06T02:52:10.059879)
2021-08-06 02:52:10.187 [Thread-3] INFO  ir.sharif.aminra.database.Connector - transaction committed
2021-08-06 02:52:10.187 [Thread-3] INFO  ir.sharif.aminra.database.Connector - transaction started
2021-08-06 02:52:10.188 [Thread-3] INFO  ir.sharif.aminra.database.Connector - instance saved : User(id=2, firstname=b, lastname=b, username=b, bio=, birthDate=null, email=b@gmail.com, phoneNumber=913, password=b, publicData=false, isActive=true, lastSeen=null, lastSeenType=Everyone, followings=[1], followers=[1], blockList=[], tweets=[8, 9, 1], requestNotifications=[user a accepted your follow request!, user a rejected your follow request!, user a accepted your follow request!], likedTweets=[], requests=[], notifications=[user a followed you!, user a unfollowed you!, user a followed you!, user a unfollowed you!], isPrivate=true, groups=[3], mutedUsers=[1], avatar=3, reportedSpamTweets=[1], chatStates=[2, 6, 9])
2021-08-06 02:52:10.190 [Thread-3] INFO  ir.sharif.aminra.database.Connector - transaction committed
2021-08-06 02:52:10.243 [Thread-2] INFO  ir.sharif.aminra.database.Connector - transaction started
2021-08-06 02:52:10.244 [Thread-2] INFO  ir.sharif.aminra.database.Connector - instance saved : ChatState(id=8, chat=7, lastCheck=2021-08-06T02:52:10.236011)
2021-08-06 02:52:11.905 [Thread-2] INFO  ir.sharif.aminra.database.Connector - transaction committed
2021-08-06 02:52:11.906 [Thread-2] INFO  ir.sharif.aminra.database.Connector - transaction started
2021-08-06 02:52:11.906 [Thread-2] INFO  ir.sharif.aminra.database.Connector - instance saved : User(id=1, firstname=asad, lastname=asaad, username=a, bio=pv = block, birthDate=null, email=a@gmail.com, phoneNumber=912, password=a, publicData=true, isActive=true, lastSeen=null, lastSeenType= Followings, followings=[2, 3], followers=[2], blockList=[], tweets=[1, 2, 3, 4, 5, 6, 7], requestNotifications=[user b accepted your follow request!], likedTweets=[8], requests=[], notifications=[user b unfollowed you!, user b followed you!, user b unfollowed you!], isPrivate=false, groups=[1], mutedUsers=[], avatar=8, reportedSpamTweets=[3], chatStates=[1, 3, 4, 5, 8, 11])
2021-08-06 02:52:11.907 [Thread-2] INFO  ir.sharif.aminra.database.Connector - transaction committed
2021-08-06 02:52:12.025 [Thread-3] INFO  ir.sharif.aminra.database.Connector - transaction started
2021-08-06 02:52:12.025 [Thread-3] INFO  ir.sharif.aminra.database.Connector - instance saved : ChatState(id=9, chat=7, lastCheck=2021-08-06T02:52:12.025023)
2021-08-06 02:52:12.150 [Thread-3] INFO  ir.sharif.aminra.database.Connector - transaction committed
2021-08-06 02:52:12.151 [Thread-3] INFO  ir.sharif.aminra.database.Connector - transaction started
2021-08-06 02:52:12.151 [Thread-3] INFO  ir.sharif.aminra.database.Connector - instance saved : User(id=2, firstname=b, lastname=b, username=b, bio=, birthDate=null, email=b@gmail.com, phoneNumber=913, password=b, publicData=false, isActive=true, lastSeen=null, lastSeenType=Everyone, followings=[1], followers=[1], blockList=[], tweets=[8, 9, 1], requestNotifications=[user a accepted your follow request!, user a rejected your follow request!, user a accepted your follow request!], likedTweets=[], requests=[], notifications=[user a followed you!, user a unfollowed you!, user a followed you!, user a unfollowed you!], isPrivate=true, groups=[3], mutedUsers=[1], avatar=3, reportedSpamTweets=[1], chatStates=[2, 6, 9])
2021-08-06 02:52:12.153 [Thread-3] INFO  ir.sharif.aminra.database.Connector - transaction committed
2021-08-06 02:52:14.041 [Thread-3] INFO  ir.sharif.aminra.database.Connector - transaction started
2021-08-06 02:52:14.042 [Thread-3] INFO  ir.sharif.aminra.database.Connector - instance saved : ChatState(id=9, chat=7, lastCheck=2021-08-06T02:52:14.041454)
2021-08-06 02:52:14.176 [Thread-3] INFO  ir.sharif.aminra.database.Connector - transaction committed
2021-08-06 02:52:14.177 [Thread-3] INFO  ir.sharif.aminra.database.Connector - transaction started
2021-08-06 02:52:14.178 [Thread-3] INFO  ir.sharif.aminra.database.Connector - instance saved : User(id=2, firstname=b, lastname=b, username=b, bio=, birthDate=null, email=b@gmail.com, phoneNumber=913, password=b, publicData=false, isActive=true, lastSeen=null, lastSeenType=Everyone, followings=[1], followers=[1], blockList=[], tweets=[8, 9, 1], requestNotifications=[user a accepted your follow request!, user a rejected your follow request!, user a accepted your follow request!], likedTweets=[], requests=[], notifications=[user a followed you!, user a unfollowed you!, user a followed you!, user a unfollowed you!], isPrivate=true, groups=[3], mutedUsers=[1], avatar=3, reportedSpamTweets=[1], chatStates=[2, 6, 9])
2021-08-06 02:52:14.181 [Thread-3] INFO  ir.sharif.aminra.database.Connector - transaction committed
2021-08-06 02:52:16.243 [Thread-3] INFO  ir.sharif.aminra.database.Connector - transaction started
2021-08-06 02:52:16.244 [Thread-3] INFO  ir.sharif.aminra.database.Connector - instance saved : ChatState(id=9, chat=7, lastCheck=2021-08-06T02:52:16.243227)
2021-08-06 02:52:16.368 [Thread-3] INFO  ir.sharif.aminra.database.Connector - transaction committed
2021-08-06 02:52:16.369 [Thread-3] INFO  ir.sharif.aminra.database.Connector - transaction started
2021-08-06 02:52:16.370 [Thread-3] INFO  ir.sharif.aminra.database.Connector - instance saved : User(id=2, firstname=b, lastname=b, username=b, bio=, birthDate=null, email=b@gmail.com, phoneNumber=913, password=b, publicData=false, isActive=true, lastSeen=null, lastSeenType=Everyone, followings=[1], followers=[1], blockList=[], tweets=[8, 9, 1], requestNotifications=[user a accepted your follow request!, user a rejected your follow request!, user a accepted your follow request!], likedTweets=[], requests=[], notifications=[user a followed you!, user a unfollowed you!, user a followed you!, user a unfollowed you!], isPrivate=true, groups=[3], mutedUsers=[1], avatar=3, reportedSpamTweets=[1], chatStates=[2, 6, 9])
2021-08-06 02:52:16.374 [Thread-3] INFO  ir.sharif.aminra.database.Connector - transaction committed
2021-08-06 02:52:18.026 [Thread-3] INFO  ir.sharif.aminra.database.Connector - transaction started
2021-08-06 02:52:18.026 [Thread-3] INFO  ir.sharif.aminra.database.Connector - instance saved : ChatState(id=9, chat=7, lastCheck=2021-08-06T02:52:18.026490)
2021-08-06 02:52:19.571 [Thread-3] INFO  ir.sharif.aminra.database.Connector - transaction committed
2021-08-06 02:52:19.571 [Thread-3] INFO  ir.sharif.aminra.database.Connector - transaction started
2021-08-06 02:52:19.572 [Thread-3] INFO  ir.sharif.aminra.database.Connector - instance saved : User(id=2, firstname=b, lastname=b, username=b, bio=, birthDate=null, email=b@gmail.com, phoneNumber=913, password=b, publicData=false, isActive=true, lastSeen=null, lastSeenType=Everyone, followings=[1], followers=[1], blockList=[], tweets=[8, 9, 1], requestNotifications=[user a accepted your follow request!, user a rejected your follow request!, user a accepted your follow request!], likedTweets=[], requests=[], notifications=[user a followed you!, user a unfollowed you!, user a followed you!, user a unfollowed you!], isPrivate=true, groups=[3], mutedUsers=[1], avatar=3, reportedSpamTweets=[1], chatStates=[2, 6, 9])
2021-08-06 02:52:19.573 [Thread-3] INFO  ir.sharif.aminra.database.Connector - transaction committed
2021-08-06 02:52:20.086 [Thread-2] INFO  ir.sharif.aminra.database.Connector - transaction started
2021-08-06 02:52:20.087 [Thread-2] INFO  ir.sharif.aminra.database.Connector - instance saved : ChatState(id=8, chat=7, lastCheck=2021-08-06T02:52:20.086312)
2021-08-06 02:52:21.619 [Thread-2] INFO  ir.sharif.aminra.database.Connector - transaction committed
2021-08-06 02:52:21.621 [Thread-2] INFO  ir.sharif.aminra.database.Connector - transaction started
2021-08-06 02:52:21.622 [Thread-2] INFO  ir.sharif.aminra.database.Connector - instance saved : User(id=1, firstname=asad, lastname=asaad, username=a, bio=pv = block, birthDate=null, email=a@gmail.com, phoneNumber=912, password=a, publicData=true, isActive=true, lastSeen=null, lastSeenType= Followings, followings=[2, 3], followers=[2], blockList=[], tweets=[1, 2, 3, 4, 5, 6, 7], requestNotifications=[user b accepted your follow request!], likedTweets=[8], requests=[], notifications=[user b unfollowed you!, user b followed you!, user b unfollowed you!], isPrivate=false, groups=[1], mutedUsers=[], avatar=8, reportedSpamTweets=[3], chatStates=[1, 3, 4, 5, 8, 11])
2021-08-06 02:52:21.625 [Thread-2] INFO  ir.sharif.aminra.database.Connector - transaction committed
2021-08-06 02:52:21.630 [Thread-3] INFO  ir.sharif.aminra.database.Connector - transaction started
2021-08-06 02:52:21.630 [Thread-3] INFO  ir.sharif.aminra.database.Connector - instance saved : ChatState(id=9, chat=7, lastCheck=2021-08-06T02:52:21.630001)
2021-08-06 02:52:21.754 [Thread-3] INFO  ir.sharif.aminra.database.Connector - transaction committed
2021-08-06 02:52:21.755 [Thread-3] INFO  ir.sharif.aminra.database.Connector - transaction started
2021-08-06 02:52:21.756 [Thread-3] INFO  ir.sharif.aminra.database.Connector - instance saved : User(id=2, firstname=b, lastname=b, username=b, bio=, birthDate=null, email=b@gmail.com, phoneNumber=913, password=b, publicData=false, isActive=true, lastSeen=null, lastSeenType=Everyone, followings=[1], followers=[1], blockList=[], tweets=[8, 9, 1], requestNotifications=[user a accepted your follow request!, user a rejected your follow request!, user a accepted your follow request!], likedTweets=[], requests=[], notifications=[user a followed you!, user a unfollowed you!, user a followed you!, user a unfollowed you!], isPrivate=true, groups=[3], mutedUsers=[1], avatar=3, reportedSpamTweets=[1], chatStates=[2, 6, 9])
2021-08-06 02:52:21.759 [Thread-3] INFO  ir.sharif.aminra.database.Connector - transaction committed
2021-08-06 02:52:21.887 [Thread-2] INFO  ir.sharif.aminra.database.Connector - transaction started
2021-08-06 02:52:21.887 [Thread-2] INFO  ir.sharif.aminra.database.Connector - instance saved : ChatState(id=8, chat=7, lastCheck=2021-08-06T02:52:21.887405)
2021-08-06 02:52:22.020 [Thread-2] INFO  ir.sharif.aminra.database.Connector - transaction committed
2021-08-06 02:52:22.021 [Thread-2] INFO  ir.sharif.aminra.database.Connector - transaction started
2021-08-06 02:52:22.021 [Thread-2] INFO  ir.sharif.aminra.database.Connector - instance saved : User(id=1, firstname=asad, lastname=asaad, username=a, bio=pv = block, birthDate=null, email=a@gmail.com, phoneNumber=912, password=a, publicData=true, isActive=true, lastSeen=null, lastSeenType= Followings, followings=[2, 3], followers=[2], blockList=[], tweets=[1, 2, 3, 4, 5, 6, 7], requestNotifications=[user b accepted your follow request!], likedTweets=[8], requests=[], notifications=[user b unfollowed you!, user b followed you!, user b unfollowed you!], isPrivate=false, groups=[1], mutedUsers=[], avatar=8, reportedSpamTweets=[3], chatStates=[1, 3, 4, 5, 8, 11])
2021-08-06 02:52:22.022 [Thread-2] INFO  ir.sharif.aminra.database.Connector - transaction committed
2021-08-06 02:52:22.226 [Thread-3] INFO  ir.sharif.aminra.database.Connector - transaction started
2021-08-06 02:52:22.227 [Thread-3] INFO  ir.sharif.aminra.database.Connector - instance saved : ChatState(id=9, chat=7, lastCheck=2021-08-06T02:52:22.226791)
2021-08-06 02:52:22.344 [Thread-3] INFO  ir.sharif.aminra.database.Connector - transaction committed
2021-08-06 02:52:22.345 [Thread-3] INFO  ir.sharif.aminra.database.Connector - transaction started
2021-08-06 02:52:22.345 [Thread-3] INFO  ir.sharif.aminra.database.Connector - instance saved : User(id=2, firstname=b, lastname=b, username=b, bio=, birthDate=null, email=b@gmail.com, phoneNumber=913, password=b, publicData=false, isActive=true, lastSeen=null, lastSeenType=Everyone, followings=[1], followers=[1], blockList=[], tweets=[8, 9, 1], requestNotifications=[user a accepted your follow request!, user a rejected your follow request!, user a accepted your follow request!], likedTweets=[], requests=[], notifications=[user a followed you!, user a unfollowed you!, user a followed you!, user a unfollowed you!], isPrivate=true, groups=[3], mutedUsers=[1], avatar=3, reportedSpamTweets=[1], chatStates=[2, 6, 9])
2021-08-06 02:52:22.347 [Thread-3] INFO  ir.sharif.aminra.database.Connector - transaction committed
2021-08-06 02:52:24.236 [Thread-3] INFO  ir.sharif.aminra.database.Connector - transaction started
2021-08-06 02:52:24.237 [Thread-3] INFO  ir.sharif.aminra.database.Connector - instance saved : ChatState(id=9, chat=7, lastCheck=2021-08-06T02:52:24.236318)
2021-08-06 02:52:24.941 [Thread-3] INFO  ir.sharif.aminra.database.Connector - transaction committed
2021-08-06 02:52:24.941 [Thread-3] INFO  ir.sharif.aminra.database.Connector - transaction started
2021-08-06 02:52:24.942 [Thread-3] INFO  ir.sharif.aminra.database.Connector - instance saved : User(id=2, firstname=b, lastname=b, username=b, bio=, birthDate=null, email=b@gmail.com, phoneNumber=913, password=b, publicData=false, isActive=true, lastSeen=null, lastSeenType=Everyone, followings=[1], followers=[1], blockList=[], tweets=[8, 9, 1], requestNotifications=[user a accepted your follow request!, user a rejected your follow request!, user a accepted your follow request!], likedTweets=[], requests=[], notifications=[user a followed you!, user a unfollowed you!, user a followed you!, user a unfollowed you!], isPrivate=true, groups=[3], mutedUsers=[1], avatar=3, reportedSpamTweets=[1], chatStates=[2, 6, 9])
2021-08-06 02:52:24.944 [Thread-3] INFO  ir.sharif.aminra.database.Connector - transaction committed
2021-08-06 02:52:26.041 [Thread-3] INFO  ir.sharif.aminra.database.Connector - transaction started
2021-08-06 02:52:26.042 [Thread-3] INFO  ir.sharif.aminra.database.Connector - instance saved : ChatState(id=9, chat=7, lastCheck=2021-08-06T02:52:26.041498)
2021-08-06 02:52:26.175 [Thread-3] INFO  ir.sharif.aminra.database.Connector - transaction committed
2021-08-06 02:52:26.176 [Thread-3] INFO  ir.sharif.aminra.database.Connector - transaction started
2021-08-06 02:52:26.177 [Thread-3] INFO  ir.sharif.aminra.database.Connector - instance saved : User(id=2, firstname=b, lastname=b, username=b, bio=, birthDate=null, email=b@gmail.com, phoneNumber=913, password=b, publicData=false, isActive=true, lastSeen=null, lastSeenType=Everyone, followings=[1], followers=[1], blockList=[], tweets=[8, 9, 1], requestNotifications=[user a accepted your follow request!, user a rejected your follow request!, user a accepted your follow request!], likedTweets=[], requests=[], notifications=[user a followed you!, user a unfollowed you!, user a followed you!, user a unfollowed you!], isPrivate=true, groups=[3], mutedUsers=[1], avatar=3, reportedSpamTweets=[1], chatStates=[2, 6, 9])
2021-08-06 02:52:26.178 [Thread-3] INFO  ir.sharif.aminra.database.Connector - transaction committed
2021-08-06 02:52:28.240 [Thread-3] INFO  ir.sharif.aminra.database.Connector - transaction started
2021-08-06 02:52:28.240 [Thread-3] INFO  ir.sharif.aminra.database.Connector - instance saved : ChatState(id=9, chat=7, lastCheck=2021-08-06T02:52:28.239818)
2021-08-06 02:52:28.784 [Thread-3] INFO  ir.sharif.aminra.database.Connector - transaction committed
2021-08-06 02:52:28.784 [Thread-3] INFO  ir.sharif.aminra.database.Connector - transaction started
2021-08-06 02:52:28.784 [Thread-3] INFO  ir.sharif.aminra.database.Connector - instance saved : User(id=2, firstname=b, lastname=b, username=b, bio=, birthDate=null, email=b@gmail.com, phoneNumber=913, password=b, publicData=false, isActive=true, lastSeen=null, lastSeenType=Everyone, followings=[1], followers=[1], blockList=[], tweets=[8, 9, 1], requestNotifications=[user a accepted your follow request!, user a rejected your follow request!, user a accepted your follow request!], likedTweets=[], requests=[], notifications=[user a followed you!, user a unfollowed you!, user a followed you!, user a unfollowed you!], isPrivate=true, groups=[3], mutedUsers=[1], avatar=3, reportedSpamTweets=[1], chatStates=[2, 6, 9])
2021-08-06 02:52:28.785 [Thread-3] INFO  ir.sharif.aminra.database.Connector - transaction committed
2021-08-06 02:52:30.071 [Thread-2] INFO  ir.sharif.aminra.database.Connector - transaction started
2021-08-06 02:52:30.071 [Thread-2] INFO  ir.sharif.aminra.database.Connector - instance saved : ChatState(id=8, chat=7, lastCheck=2021-08-06T02:52:30.071213)
2021-08-06 02:52:30.414 [Thread-2] INFO  ir.sharif.aminra.database.Connector - transaction committed
2021-08-06 02:52:30.415 [Thread-2] INFO  ir.sharif.aminra.database.Connector - transaction started
2021-08-06 02:52:30.415 [Thread-2] INFO  ir.sharif.aminra.database.Connector - instance saved : User(id=1, firstname=asad, lastname=asaad, username=a, bio=pv = block, birthDate=null, email=a@gmail.com, phoneNumber=912, password=a, publicData=true, isActive=true, lastSeen=null, lastSeenType= Followings, followings=[2, 3], followers=[2], blockList=[], tweets=[1, 2, 3, 4, 5, 6, 7], requestNotifications=[user b accepted your follow request!], likedTweets=[8], requests=[], notifications=[user b unfollowed you!, user b followed you!, user b unfollowed you!], isPrivate=false, groups=[1], mutedUsers=[], avatar=8, reportedSpamTweets=[3], chatStates=[1, 3, 4, 5, 8, 11])
2021-08-06 02:52:30.416 [Thread-2] INFO  ir.sharif.aminra.database.Connector - transaction committed
2021-08-06 02:52:30.425 [Thread-3] INFO  ir.sharif.aminra.database.Connector - transaction started
2021-08-06 02:52:30.426 [Thread-3] INFO  ir.sharif.aminra.database.Connector - instance saved : ChatState(id=9, chat=7, lastCheck=2021-08-06T02:52:30.425819)
2021-08-06 02:52:30.538 [Thread-3] INFO  ir.sharif.aminra.database.Connector - transaction committed
2021-08-06 02:52:30.538 [Thread-3] INFO  ir.sharif.aminra.database.Connector - transaction started
2021-08-06 02:52:30.539 [Thread-3] INFO  ir.sharif.aminra.database.Connector - instance saved : User(id=2, firstname=b, lastname=b, username=b, bio=, birthDate=null, email=b@gmail.com, phoneNumber=913, password=b, publicData=false, isActive=true, lastSeen=null, lastSeenType=Everyone, followings=[1], followers=[1], blockList=[], tweets=[8, 9, 1], requestNotifications=[user a accepted your follow request!, user a rejected your follow request!, user a accepted your follow request!], likedTweets=[], requests=[], notifications=[user a followed you!, user a unfollowed you!, user a followed you!, user a unfollowed you!], isPrivate=true, groups=[3], mutedUsers=[1], avatar=3, reportedSpamTweets=[1], chatStates=[2, 6, 9])
2021-08-06 02:52:30.539 [Thread-3] INFO  ir.sharif.aminra.database.Connector - transaction committed
2021-08-06 02:52:32.037 [Thread-3] INFO  ir.sharif.aminra.database.Connector - transaction started
2021-08-06 02:52:32.038 [Thread-3] INFO  ir.sharif.aminra.database.Connector - instance saved : ChatState(id=9, chat=7, lastCheck=2021-08-06T02:52:32.037736)
2021-08-06 02:52:33.301 [Thread-3] INFO  ir.sharif.aminra.database.Connector - transaction committed
2021-08-06 02:52:33.301 [Thread-3] INFO  ir.sharif.aminra.database.Connector - transaction started
2021-08-06 02:52:33.302 [Thread-3] INFO  ir.sharif.aminra.database.Connector - instance saved : User(id=2, firstname=b, lastname=b, username=b, bio=, birthDate=null, email=b@gmail.com, phoneNumber=913, password=b, publicData=false, isActive=true, lastSeen=null, lastSeenType=Everyone, followings=[1], followers=[1], blockList=[], tweets=[8, 9, 1], requestNotifications=[user a accepted your follow request!, user a rejected your follow request!, user a accepted your follow request!], likedTweets=[], requests=[], notifications=[user a followed you!, user a unfollowed you!, user a followed you!, user a unfollowed you!], isPrivate=true, groups=[3], mutedUsers=[1], avatar=3, reportedSpamTweets=[1], chatStates=[2, 6, 9])
2021-08-06 02:52:33.304 [Thread-3] INFO  ir.sharif.aminra.database.Connector - transaction committed
2021-08-06 02:52:34.032 [Thread-3] INFO  ir.sharif.aminra.database.Connector - transaction started
2021-08-06 02:52:34.032 [Thread-3] INFO  ir.sharif.aminra.database.Connector - instance saved : ChatState(id=9, chat=7, lastCheck=2021-08-06T02:52:34.031998)
2021-08-06 02:52:35.513 [Thread-3] INFO  ir.sharif.aminra.database.Connector - transaction committed
2021-08-06 02:52:35.513 [Thread-3] INFO  ir.sharif.aminra.database.Connector - transaction started
2021-08-06 02:52:35.513 [Thread-3] INFO  ir.sharif.aminra.database.Connector - instance saved : User(id=2, firstname=b, lastname=b, username=b, bio=, birthDate=null, email=b@gmail.com, phoneNumber=913, password=b, publicData=false, isActive=true, lastSeen=null, lastSeenType=Everyone, followings=[1], followers=[1], blockList=[], tweets=[8, 9, 1], requestNotifications=[user a accepted your follow request!, user a rejected your follow request!, user a accepted your follow request!], likedTweets=[], requests=[], notifications=[user a followed you!, user a unfollowed you!, user a followed you!, user a unfollowed you!], isPrivate=true, groups=[3], mutedUsers=[1], avatar=3, reportedSpamTweets=[1], chatStates=[2, 6, 9])
2021-08-06 02:52:35.514 [Thread-3] INFO  ir.sharif.aminra.database.Connector - transaction committed
2021-08-06 02:52:36.237 [Thread-3] INFO  ir.sharif.aminra.database.Connector - transaction started
2021-08-06 02:52:36.238 [Thread-3] INFO  ir.sharif.aminra.database.Connector - instance saved : ChatState(id=9, chat=7, lastCheck=2021-08-06T02:52:36.237386)
2021-08-06 02:52:36.389 [Thread-3] INFO  ir.sharif.aminra.database.Connector - transaction committed
2021-08-06 02:52:36.389 [Thread-3] INFO  ir.sharif.aminra.database.Connector - transaction started
2021-08-06 02:52:36.390 [Thread-3] INFO  ir.sharif.aminra.database.Connector - instance saved : User(id=2, firstname=b, lastname=b, username=b, bio=, birthDate=null, email=b@gmail.com, phoneNumber=913, password=b, publicData=false, isActive=true, lastSeen=null, lastSeenType=Everyone, followings=[1], followers=[1], blockList=[], tweets=[8, 9, 1], requestNotifications=[user a accepted your follow request!, user a rejected your follow request!, user a accepted your follow request!], likedTweets=[], requests=[], notifications=[user a followed you!, user a unfollowed you!, user a followed you!, user a unfollowed you!], isPrivate=true, groups=[3], mutedUsers=[1], avatar=3, reportedSpamTweets=[1], chatStates=[2, 6, 9])
2021-08-06 02:52:36.392 [Thread-3] INFO  ir.sharif.aminra.database.Connector - transaction committed
2021-08-06 02:52:38.043 [Thread-3] INFO  ir.sharif.aminra.database.Connector - transaction started
2021-08-06 02:52:38.044 [Thread-3] INFO  ir.sharif.aminra.database.Connector - instance saved : ChatState(id=9, chat=7, lastCheck=2021-08-06T02:52:38.043541)
2021-08-06 02:52:39.086 [Thread-3] INFO  ir.sharif.aminra.database.Connector - transaction committed
2021-08-06 02:52:39.087 [Thread-3] INFO  ir.sharif.aminra.database.Connector - transaction started
2021-08-06 02:52:39.088 [Thread-3] INFO  ir.sharif.aminra.database.Connector - instance saved : User(id=2, firstname=b, lastname=b, username=b, bio=, birthDate=null, email=b@gmail.com, phoneNumber=913, password=b, publicData=false, isActive=true, lastSeen=null, lastSeenType=Everyone, followings=[1], followers=[1], blockList=[], tweets=[8, 9, 1], requestNotifications=[user a accepted your follow request!, user a rejected your follow request!, user a accepted your follow request!], likedTweets=[], requests=[], notifications=[user a followed you!, user a unfollowed you!, user a followed you!, user a unfollowed you!], isPrivate=true, groups=[3], mutedUsers=[1], avatar=3, reportedSpamTweets=[1], chatStates=[2, 6, 9])
2021-08-06 02:52:39.089 [Thread-3] INFO  ir.sharif.aminra.database.Connector - transaction committed
2021-08-06 02:52:39.215 [Thread-2] INFO  ir.sharif.aminra.database.Connector - transaction started
2021-08-06 02:52:39.222 [Thread-2] INFO  ir.sharif.aminra.database.Connector - instance saved : Message(mainMedia=null, isForwardedTweet=false, isDeleted=false)
2021-08-06 02:52:39.792 [Thread-2] INFO  ir.sharif.aminra.database.Connector - transaction committed
2021-08-06 02:52:39.793 [Thread-2] INFO  ir.sharif.aminra.controller.messagingPage.MessageViewerController - message 4 is edited.
2021-08-06 02:52:40.240 [Thread-3] INFO  ir.sharif.aminra.database.Connector - transaction started
2021-08-06 02:52:40.241 [Thread-3] INFO  ir.sharif.aminra.database.Connector - instance saved : ChatState(id=9, chat=7, lastCheck=2021-08-06T02:52:40.240618)
2021-08-06 02:52:40.355 [Thread-3] INFO  ir.sharif.aminra.database.Connector - transaction committed
2021-08-06 02:52:40.356 [Thread-3] INFO  ir.sharif.aminra.database.Connector - transaction started
2021-08-06 02:52:40.356 [Thread-3] INFO  ir.sharif.aminra.database.Connector - instance saved : User(id=2, firstname=b, lastname=b, username=b, bio=, birthDate=null, email=b@gmail.com, phoneNumber=913, password=b, publicData=false, isActive=true, lastSeen=null, lastSeenType=Everyone, followings=[1], followers=[1], blockList=[], tweets=[8, 9, 1], requestNotifications=[user a accepted your follow request!, user a rejected your follow request!, user a accepted your follow request!], likedTweets=[], requests=[], notifications=[user a followed you!, user a unfollowed you!, user a followed you!, user a unfollowed you!], isPrivate=true, groups=[3], mutedUsers=[1], avatar=3, reportedSpamTweets=[1], chatStates=[2, 6, 9])
2021-08-06 02:52:40.358 [Thread-3] INFO  ir.sharif.aminra.database.Connector - transaction committed
2021-08-06 02:52:42.243 [Thread-3] INFO  ir.sharif.aminra.database.Connector - transaction started
2021-08-06 02:52:42.244 [Thread-3] INFO  ir.sharif.aminra.database.Connector - instance saved : ChatState(id=9, chat=7, lastCheck=2021-08-06T02:52:42.243314)
2021-08-06 02:52:42.745 [Thread-3] INFO  ir.sharif.aminra.database.Connector - transaction committed
2021-08-06 02:52:42.745 [Thread-3] INFO  ir.sharif.aminra.database.Connector - transaction started
2021-08-06 02:52:42.746 [Thread-3] INFO  ir.sharif.aminra.database.Connector - instance saved : User(id=2, firstname=b, lastname=b, username=b, bio=, birthDate=null, email=b@gmail.com, phoneNumber=913, password=b, publicData=false, isActive=true, lastSeen=null, lastSeenType=Everyone, followings=[1], followers=[1], blockList=[], tweets=[8, 9, 1], requestNotifications=[user a accepted your follow request!, user a rejected your follow request!, user a accepted your follow request!], likedTweets=[], requests=[], notifications=[user a followed you!, user a unfollowed you!, user a followed you!, user a unfollowed you!], isPrivate=true, groups=[3], mutedUsers=[1], avatar=3, reportedSpamTweets=[1], chatStates=[2, 6, 9])
2021-08-06 02:52:42.747 [Thread-3] INFO  ir.sharif.aminra.database.Connector - transaction committed
2021-08-06 02:52:43.819 [Thread-2] INFO  ir.sharif.aminra.database.Connector - transaction started
2021-08-06 02:52:43.820 [Thread-2] INFO  ir.sharif.aminra.database.Connector - instance saved : Message(mainMedia=null, isForwardedTweet=false, isDeleted=true)
2021-08-06 02:52:45.447 [Thread-2] INFO  ir.sharif.aminra.database.Connector - transaction committed
2021-08-06 02:52:45.464 [Thread-3] INFO  ir.sharif.aminra.database.Connector - transaction started
2021-08-06 02:52:45.464 [Thread-3] INFO  ir.sharif.aminra.database.Connector - instance saved : ChatState(id=9, chat=7, lastCheck=2021-08-06T02:52:45.464104)
2021-08-06 02:52:45.582 [Thread-3] INFO  ir.sharif.aminra.database.Connector - transaction committed
2021-08-06 02:52:45.583 [Thread-3] INFO  ir.sharif.aminra.database.Connector - transaction started
2021-08-06 02:52:45.584 [Thread-3] INFO  ir.sharif.aminra.database.Connector - instance saved : User(id=2, firstname=b, lastname=b, username=b, bio=, birthDate=null, email=b@gmail.com, phoneNumber=913, password=b, publicData=false, isActive=true, lastSeen=null, lastSeenType=Everyone, followings=[1], followers=[1], blockList=[], tweets=[8, 9, 1], requestNotifications=[user a accepted your follow request!, user a rejected your follow request!, user a accepted your follow request!], likedTweets=[], requests=[], notifications=[user a followed you!, user a unfollowed you!, user a followed you!, user a unfollowed you!], isPrivate=true, groups=[3], mutedUsers=[1], avatar=3, reportedSpamTweets=[1], chatStates=[2, 6, 9])
2021-08-06 02:52:45.585 [Thread-3] INFO  ir.sharif.aminra.database.Connector - transaction committed
2021-08-06 02:52:46.080 [Thread-3] INFO  ir.sharif.aminra.database.Connector - transaction started
2021-08-06 02:52:46.081 [Thread-3] INFO  ir.sharif.aminra.database.Connector - instance saved : ChatState(id=9, chat=7, lastCheck=2021-08-06T02:52:46.077411)
2021-08-06 02:52:46.211 [Thread-3] INFO  ir.sharif.aminra.database.Connector - transaction committed
2021-08-06 02:52:46.212 [Thread-3] INFO  ir.sharif.aminra.database.Connector - transaction started
2021-08-06 02:52:46.212 [Thread-3] INFO  ir.sharif.aminra.database.Connector - instance saved : User(id=2, firstname=b, lastname=b, username=b, bio=, birthDate=null, email=b@gmail.com, phoneNumber=913, password=b, publicData=false, isActive=true, lastSeen=null, lastSeenType=Everyone, followings=[1], followers=[1], blockList=[], tweets=[8, 9, 1], requestNotifications=[user a accepted your follow request!, user a rejected your follow request!, user a accepted your follow request!], likedTweets=[], requests=[], notifications=[user a followed you!, user a unfollowed you!, user a followed you!, user a unfollowed you!], isPrivate=true, groups=[3], mutedUsers=[1], avatar=3, reportedSpamTweets=[1], chatStates=[2, 6, 9])
2021-08-06 02:52:46.212 [Thread-3] INFO  ir.sharif.aminra.database.Connector - transaction committed
2021-08-06 02:52:46.222 [Thread-2] INFO  ir.sharif.aminra.database.Connector - transaction started
2021-08-06 02:52:46.223 [Thread-2] INFO  ir.sharif.aminra.database.Connector - instance saved : ChatState(id=8, chat=7, lastCheck=2021-08-06T02:52:46.222809)
2021-08-06 02:52:46.346 [Thread-2] INFO  ir.sharif.aminra.database.Connector - transaction committed
2021-08-06 02:52:46.347 [Thread-2] INFO  ir.sharif.aminra.database.Connector - transaction started
2021-08-06 02:52:46.349 [Thread-2] INFO  ir.sharif.aminra.database.Connector - instance saved : User(id=1, firstname=asad, lastname=asaad, username=a, bio=pv = block, birthDate=null, email=a@gmail.com, phoneNumber=912, password=a, publicData=true, isActive=true, lastSeen=null, lastSeenType= Followings, followings=[2, 3], followers=[2], blockList=[], tweets=[1, 2, 3, 4, 5, 6, 7], requestNotifications=[user b accepted your follow request!], likedTweets=[8], requests=[], notifications=[user b unfollowed you!, user b followed you!, user b unfollowed you!], isPrivate=false, groups=[1], mutedUsers=[], avatar=8, reportedSpamTweets=[3], chatStates=[1, 3, 4, 5, 8, 11])
2021-08-06 02:52:46.350 [Thread-2] INFO  ir.sharif.aminra.database.Connector - transaction committed
2021-08-06 02:52:48.043 [Thread-2] INFO  ir.sharif.aminra.database.Connector - transaction started
2021-08-06 02:52:48.044 [Thread-2] INFO  ir.sharif.aminra.database.Connector - instance saved : ChatState(id=8, chat=7, lastCheck=2021-08-06T02:52:48.043833)
2021-08-06 02:52:48.680 [Thread-2] INFO  ir.sharif.aminra.database.Connector - transaction committed
2021-08-06 02:52:48.686 [Thread-2] INFO  ir.sharif.aminra.database.Connector - transaction started
2021-08-06 02:52:48.687 [Thread-2] INFO  ir.sharif.aminra.database.Connector - instance saved : User(id=1, firstname=asad, lastname=asaad, username=a, bio=pv = block, birthDate=null, email=a@gmail.com, phoneNumber=912, password=a, publicData=true, isActive=true, lastSeen=null, lastSeenType= Followings, followings=[2, 3], followers=[2], blockList=[], tweets=[1, 2, 3, 4, 5, 6, 7], requestNotifications=[user b accepted your follow request!], likedTweets=[8], requests=[], notifications=[user b unfollowed you!, user b followed you!, user b unfollowed you!], isPrivate=false, groups=[1], mutedUsers=[], avatar=8, reportedSpamTweets=[3], chatStates=[1, 3, 4, 5, 8, 11])
2021-08-06 02:52:48.689 [Thread-2] INFO  ir.sharif.aminra.database.Connector - transaction committed
2021-08-06 02:52:48.705 [Thread-3] INFO  ir.sharif.aminra.database.Connector - transaction started
2021-08-06 02:52:48.705 [Thread-3] INFO  ir.sharif.aminra.database.Connector - instance saved : ChatState(id=9, chat=7, lastCheck=2021-08-06T02:52:48.703922)
2021-08-06 02:52:48.815 [Thread-3] INFO  ir.sharif.aminra.database.Connector - transaction committed
2021-08-06 02:52:48.815 [Thread-3] INFO  ir.sharif.aminra.database.Connector - transaction started
2021-08-06 02:52:48.816 [Thread-3] INFO  ir.sharif.aminra.database.Connector - instance saved : User(id=2, firstname=b, lastname=b, username=b, bio=, birthDate=null, email=b@gmail.com, phoneNumber=913, password=b, publicData=false, isActive=true, lastSeen=null, lastSeenType=Everyone, followings=[1], followers=[1], blockList=[], tweets=[8, 9, 1], requestNotifications=[user a accepted your follow request!, user a rejected your follow request!, user a accepted your follow request!], likedTweets=[], requests=[], notifications=[user a followed you!, user a unfollowed you!, user a followed you!, user a unfollowed you!], isPrivate=true, groups=[3], mutedUsers=[1], avatar=3, reportedSpamTweets=[1], chatStates=[2, 6, 9])
2021-08-06 02:52:48.818 [Thread-3] INFO  ir.sharif.aminra.database.Connector - transaction committed
2021-08-06 02:52:49.016 [Thread-2] INFO  ir.sharif.aminra.controller.settingsPage.SettingsController - user a logged out from the app.
2021-08-06 02:52:49.017 [Thread-2] INFO  ir.sharif.aminra.database.Connector - transaction started
2021-08-06 02:52:49.017 [Thread-2] INFO  ir.sharif.aminra.database.Connector - instance saved : User(id=1, firstname=asad, lastname=asaad, username=a, bio=pv = block, birthDate=null, email=a@gmail.com, phoneNumber=912, password=a, publicData=true, isActive=true, lastSeen=2021-08-06T02:52:49.016971, lastSeenType= Followings, followings=[2, 3], followers=[2], blockList=[], tweets=[1, 2, 3, 4, 5, 6, 7], requestNotifications=[user b accepted your follow request!], likedTweets=[8], requests=[], notifications=[user b unfollowed you!, user b followed you!, user b unfollowed you!], isPrivate=false, groups=[1], mutedUsers=[], avatar=8, reportedSpamTweets=[3], chatStates=[1, 3, 4, 5, 8, 11])
2021-08-06 02:52:49.147 [Thread-2] INFO  ir.sharif.aminra.database.Connector - transaction committed
2021-08-06 02:52:49.223 [Thread-2] WARN  ir.sharif.aminra.controller.network.SocketResponseSender - socket Socket[addr=/127.0.0.1,port=41534,localport=1080] is disconnected
2021-08-06 02:52:50.044 [Thread-3] INFO  ir.sharif.aminra.database.Connector - transaction started
2021-08-06 02:52:50.046 [Thread-3] INFO  ir.sharif.aminra.database.Connector - instance saved : ChatState(id=9, chat=7, lastCheck=2021-08-06T02:52:50.044517)
2021-08-06 02:52:51.670 [Thread-3] INFO  ir.sharif.aminra.database.Connector - transaction committed
2021-08-06 02:52:51.670 [Thread-3] INFO  ir.sharif.aminra.database.Connector - transaction started
2021-08-06 02:52:51.671 [Thread-3] INFO  ir.sharif.aminra.database.Connector - instance saved : User(id=2, firstname=b, lastname=b, username=b, bio=, birthDate=null, email=b@gmail.com, phoneNumber=913, password=b, publicData=false, isActive=true, lastSeen=null, lastSeenType=Everyone, followings=[1], followers=[1], blockList=[], tweets=[8, 9, 1], requestNotifications=[user a accepted your follow request!, user a rejected your follow request!, user a accepted your follow request!], likedTweets=[], requests=[], notifications=[user a followed you!, user a unfollowed you!, user a followed you!, user a unfollowed you!], isPrivate=true, groups=[3], mutedUsers=[1], avatar=3, reportedSpamTweets=[1], chatStates=[2, 6, 9])
2021-08-06 02:52:51.673 [Thread-3] INFO  ir.sharif.aminra.database.Connector - transaction committed
2021-08-06 02:52:51.706 [Thread-3] INFO  ir.sharif.aminra.controller.settingsPage.SettingsController - user b logged out from the app.
2021-08-06 02:52:51.707 [Thread-3] INFO  ir.sharif.aminra.database.Connector - transaction started
2021-08-06 02:52:51.707 [Thread-3] INFO  ir.sharif.aminra.database.Connector - instance saved : User(id=2, firstname=b, lastname=b, username=b, bio=, birthDate=null, email=b@gmail.com, phoneNumber=913, password=b, publicData=false, isActive=true, lastSeen=2021-08-06T02:52:51.706899, lastSeenType=Everyone, followings=[1], followers=[1], blockList=[], tweets=[8, 9, 1], requestNotifications=[user a accepted your follow request!, user a rejected your follow request!, user a accepted your follow request!], likedTweets=[], requests=[], notifications=[user a followed you!, user a unfollowed you!, user a followed you!, user a unfollowed you!], isPrivate=true, groups=[3], mutedUsers=[1], avatar=3, reportedSpamTweets=[1], chatStates=[2, 6, 9])
2021-08-06 02:52:52.016 [Thread-3] INFO  ir.sharif.aminra.database.Connector - transaction committed
2021-08-06 02:52:52.157 [Thread-3] WARN  ir.sharif.aminra.controller.network.SocketResponseSender - socket Socket[addr=/127.0.0.1,port=41552,localport=1080] is disconnected
