2021-08-20 20:45:04.403 [JavaFX Application Thread] INFO  ir.sharif.aminra.Main - client program started
2021-08-20 20:45:04.414 [JavaFX Application Thread] INFO  ir.sharif.aminra.Main - socket Socket[addr=/127.0.0.1,port=1080,localport=44330] is client socket
2021-08-20 20:45:27.230 [JavaFX Application Thread] INFO  ir.sharif.aminra.listeners.enterPage.SignInFormListener - client requested LoginRequest(username=a, password=a)
2021-08-20 20:48:07.944 [JavaFX Application Thread] INFO  ir.sharif.aminra.listeners.messagingPage.ChatPanelToMessagingPageListener - client requested UpdateMessagingPageRequest(chatId=12, isChanged=true)
2021-08-20 20:48:21.639 [JavaFX Application Thread] INFO  ir.sharif.aminra.listeners.messagingPage.messageSendigPage.NewMessageListener - client requested NewMessageRequest{messageContent='@vote_bot
vote
1
1', receiverId=null}
2021-08-20 20:48:26.662 [JavaFX Application Thread] INFO  ir.sharif.aminra.listeners.messagingPage.messageSendigPage.ChatSelectingPageListener - client requested SendMessageRequest(messageId=215, chats=[12], groups=[])
2021-08-20 20:48:46.781 [JavaFX Application Thread] INFO  ir.sharif.aminra.listeners.explorerPage.ExplorerListener - client requested SwitchToProfilePageRequest(switchToProfileType=USERNAME, id=null, username=XO_bot)
2021-08-20 20:48:58.620 [JavaFX Application Thread] INFO  ir.sharif.aminra.listeners.profileView.ProfilePageListener - client requested ProfileRequest(profilePageEventType=FOLLOW, userToBeVisited=3)
2021-08-20 20:49:18.551 [JavaFX Application Thread] INFO  ir.sharif.aminra.listeners.messagingPage.messageSendigPage.NewMessageListener - client requested NewMessageRequest{messageContent='join game
1', receiverId=3}
2021-08-20 20:49:46.223 [JavaFX Application Thread] INFO  ir.sharif.aminra.listeners.messagingPage.ChatPanelToMessagingPageListener - client requested UpdateMessagingPageRequest(chatId=14, isChanged=true)
2021-08-20 20:50:07.836 [JavaFX Application Thread] INFO  ir.sharif.aminra.listeners.messagingPage.messageSendigPage.NewMessageListener - client requested NewMessageRequest{messageContent='place
1
1 3', receiverId=null}
2021-08-20 20:50:11.435 [JavaFX Application Thread] INFO  ir.sharif.aminra.listeners.messagingPage.messageSendigPage.ChatSelectingPageListener - client requested SendMessageRequest(messageId=223, chats=[14], groups=[])
2021-08-20 20:50:38.331 [JavaFX Application Thread] INFO  ir.sharif.aminra.listeners.messagingPage.ChatPanelToMessagingPageListener - client requested UpdateMessagingPageRequest(chatId=14, isChanged=true)
2021-08-20 20:50:47.466 [JavaFX Application Thread] INFO  ir.sharif.aminra.listeners.messagingPage.messageSendigPage.NewMessageListener - client requested NewMessageRequest{messageContent='place
1
2 3', receiverId=null}
2021-08-20 20:50:53.068 [JavaFX Application Thread] INFO  ir.sharif.aminra.listeners.messagingPage.messageSendigPage.ChatSelectingPageListener - client requested SendMessageRequest(messageId=229, chats=[14], groups=[])
2021-08-20 20:51:43.877 [JavaFX Application Thread] INFO  ir.sharif.aminra.listeners.messagingPage.messageSendigPage.NewMessageListener - client requested NewMessageRequest{messageContent='place
1
2 3', receiverId=null}
2021-08-20 20:51:48.744 [JavaFX Application Thread] INFO  ir.sharif.aminra.listeners.messagingPage.messageSendigPage.ChatSelectingPageListener - client requested SendMessageRequest(messageId=232, chats=[14], groups=[])
2021-08-20 20:52:28.377 [JavaFX Application Thread] INFO  ir.sharif.aminra.listeners.messagingPage.messageSendigPage.NewMessageListener - client requested NewMessageRequest{messageContent='place
1
2 3', receiverId=null}
2021-08-20 20:52:33.102 [JavaFX Application Thread] INFO  ir.sharif.aminra.listeners.messagingPage.messageSendigPage.ChatSelectingPageListener - client requested SendMessageRequest(messageId=237, chats=[14], groups=[])
2021-08-20 20:53:14.907 [JavaFX Application Thread] INFO  ir.sharif.aminra.view.ViewManager - client program terminated
r.sharif.aminra.listeners.messagingPage.messageSendigPage.NewMessageListener - client requested NewMessageRequest{messageContent='new game', receiverId=3}
2021-08-20 20:49:33.664 [JavaFX Application Thread] INFO  ir.sharif.aminra.listeners.messagingPage.ChatPanelToMessagingPageListener - client requested UpdateMessagingPageRequest(chatId=12, isChanged=true)
2021-08-20 20:49:35.673 [JavaFX Application Thread] INFO  ir.sharif.aminra.listeners.messagingPage.ChatPanelToMessagingPageListener - client requested UpdateMessagingPageRequest(chatId=13, isChanged=true)
2021-08-20 20:49:40.282 [JavaFX Application Thread] INFO  ir.sharif.aminra.listeners.messagingPage.ChatPanelToMessagingPageListener - client requested UpdateMessagingPageRequest(chatId=13, isChanged=true)
2021-08-20 20:49:57.220 [JavaFX Application Thread] INFO  ir.sharif.aminra.listeners.messagingPage.messageSendigPage.NewMessageListener - client requested NewMessageRequest{messageContent='place
1
1 2', receiverId=null}
2021-08-20 20:50:05.870 [JavaFX Application Thread] INFO  ir.sharif.aminra.listeners.messagingPage.messageSendigPage.ChatSelectingPageListener - client requested SendMessageRequest(messageId=222, chats=[13], groups=[])
2021-08-20 20:50:31.500 [JavaFX Application Thread] INFO  ir.sharif.aminra.listeners.messagingPage.messageSendigPage.NewMessageListener - client requested NewMessageRequest{messageContent='place
1
2 2', receiverId=null}
2021-08-20 20:50:36.374 [JavaFX Application Thread] INFO  ir.sharif.aminra.listeners.messagingPage.messageSendigPage.ChatSelectingPageListener - client requested SendMessageRequest(messageId=228, chats=[13], groups=[])
2021-08-20 20:51:14.592 [JavaFX Application Thread] INFO  ir.sharif.aminra.listeners.messagingPage.messageSendigPage.NewMessageListener - client requested NewMessageRequest{messageContent='place
1
2 2', receiverId=null}
2021-08-20 20:51:19.017 [JavaFX Application Thread] INFO  ir.sharif.aminra.listeners.messagingPage.messageSendigPage.ChatSelectingPageListener - client requested SendMessageRequest(messageId=231, chats=[13], groups=[])
2021-08-20 20:52:03.198 [JavaFX Application Thread] INFO  ir.sharif.aminra.listeners.messagingPage.messageSendigPage.NewMessageListener - client requested NewMessageRequest{messageContent='place
1
2 2', receiverId=null}
2021-08-20 20:52:10.878 [JavaFX Application Thread] INFO  ir.sharif.aminra.listeners.messagingPage.messageSendigPage.ChatSelectingPageListener - client requested SendMessageRequest(messageId=234, chats=[13], groups=[])
2021-08-20 20:52:52.776 [JavaFX Application Thread] INFO  ir.sharif.aminra.listeners.messagingPage.messageSendigPage.NewMessageListener - client requested NewMessageRequest{messageContent='place
1
3 2', receiverId=null}
2021-08-20 20:52:57.194 [JavaFX Application Thread] INFO  ir.sharif.aminra.listeners.messagingPage.messageSendigPage.ChatSelectingPageListener - client requested SendMessageRequest(messageId=240, chats=[13], groups=[])
2021-08-20 20:53:13.282 [JavaFX Application Thread] INFO  ir.sharif.aminra.view.ViewManager - client program terminated
